# JRE version: OpenJDK Runtime Environment (11.0.3+4) (build 11.0.3+4)
# Java VM: OpenJDK 64-Bit Server VM (11.0.3+4, mixed mode, tiered, compressed oops, g1 gc, linux-amd64)
Heap:
 garbage-first heap   total 532480K, used 285335K [0x0000000087a00000, 0x0000000100000000)
  region size 1024K, 261 young (267264K), 28 survivors (28672K)
 Metaspace       used 62385K, capacity 83037K, committed 83312K, reserved 1112064K
  class space    used 14273K, capacity 20794K, committed 20900K, reserved 1048576K
GC Heap History (10 events):
Event: 5.851 GC heap before
{Heap before GC invocations=21 (full 0):
 garbage-first heap   total 266240K, used 174598K [0x0000000087a00000, 0x0000000100000000)
  region size 1024K, 156 young (159744K), 12 survivors (12288K)
 Metaspace       used 41904K, capacity 51259K, committed 51400K, reserved 1089536K
  class space    used 8721K, capacity 11747K, committed 11772K, reserved 1048576K
}
Event: 5.871 GC heap after
{Heap after GC invocations=22 (full 0):
 garbage-first heap   total 266240K, used 28462K [0x0000000087a00000, 0x0000000100000000)
  region size 1024K, 12 young (12288K), 12 survivors (12288K)
 Metaspace       used 41904K, capacity 51259K, committed 51400K, reserved 1089536K
  class space    used 8721K, capacity 11747K, committed 11772K, reserved 1048576K
}
Event: 6.137 GC heap before
{Heap before GC invocations=22 (full 0):
 garbage-first heap   total 266240K, used 175918K [0x0000000087a00000, 0x0000000100000000)
  region size 1024K, 156 young (159744K), 12 survivors (12288K)
 Metaspace       used 43049K, capacity 53075K, committed 53192K, reserved 1089536K
  class space    used 9052K, capacity 12235K, committed 12284K, reserved 1048576K
}
Event: 6.159 GC heap after
{Heap after GC invocations=23 (full 0):
 garbage-first heap   total 532480K, used 29965K [0x0000000087a00000, 0x0000000100000000)
  region size 1024K, 12 young (12288K), 12 survivors (12288K)
 Metaspace       used 43049K, capacity 53075K, committed 53192K, reserved 1089536K
  class space    used 9052K, capacity 12235K, committed 12284K, reserved 1048576K
}
Event: 6.917 GC heap before
{Heap before GC invocations=23 (full 0):
 garbage-first heap   total 532480K, used 211213K [0x0000000087a00000, 0x0000000100000000)
  region size 1024K, 190 young (194560K), 12 survivors (12288K)
 Metaspace       used 46871K, capacity 59857K, committed 60068K, reserved 1095680K
  class space    used 10041K, capacity 14185K, committed 14296K, reserved 1048576K
}
Event: 6.946 GC heap after
{Heap after GC invocations=24 (full 0):
 garbage-first heap   total 532480K, used 32525K [0x0000000087a00000, 0x0000000100000000)
  region size 1024K, 14 young (14336K), 14 survivors (14336K)
 Metaspace       used 46871K, capacity 59857K, committed 60068K, reserved 1095680K
  class space    used 10041K, capacity 14185K, committed 14296K, reserved 1048576K
}
Event: 12.284 GC heap before
{Heap before GC invocations=25 (full 0):
 garbage-first heap   total 532480K, used 337677K [0x0000000087a00000, 0x0000000100000000)
  region size 1024K, 312 young (319488K), 14 survivors (14336K)
 Metaspace       used 54140K, capacity 70978K, committed 71152K, reserved 1103872K
  class space    used 12195K, capacity 17685K, committed 17700K, reserved 1048576K
}
Event: 12.306 GC heap after
{Heap after GC invocations=26 (full 0):
 garbage-first heap   total 532480K, used 40717K [0x0000000087a00000, 0x0000000100000000)
  region size 1024K, 22 young (22528K), 22 survivors (22528K)
 Metaspace       used 54140K, capacity 70978K, committed 71152K, reserved 1103872K
  class space    used 12195K, capacity 17685K, committed 17700K, reserved 1048576K
}
Event: 20.169 GC heap before
{Heap before GC invocations=27 (full 0):
 garbage-first heap   total 532480K, used 336653K [0x0000000087a00000, 0x0000000100000000)
  region size 1024K, 312 young (319488K), 22 survivors (22528K)
 Metaspace       used 59525K, capacity 79517K, committed 79728K, reserved 1107968K
  class space    used 13857K, capacity 20268K, committed 20388K, reserved 1048576K
}
Event: 20.188 GC heap after
{Heap after GC invocations=28 (full 0):
 garbage-first heap   total 532480K, used 47767K [0x0000000087a00000, 0x0000000100000000)
  region size 1024K, 28 young (28672K), 28 survivors (28672K)
 Metaspace       used 59525K, capacity 79517K, committed 79728K, reserved 1107968K
  class space    used 13857K, capacity 20268K, committed 20388K, reserved 1048576K
}

