# JRE version: OpenJDK Runtime Environment (11.0.3+4) (build 11.0.3+4)
# Java VM: OpenJDK 64-Bit Server VM (11.0.3+4, mixed mode, tiered, compressed oops, g1 gc, linux-amd64)
Heap:
 garbage-first heap   total 518144K, used 90855K [0x0000000087a00000, 0x0000000100000000)
  region size 1024K, 63 young (64512K), 23 survivors (23552K)
 Metaspace       used 62977K, capacity 83927K, committed 84304K, reserved 1112064K
  class space    used 14405K, capacity 21029K, committed 21152K, reserved 1048576K
GC Heap History (10 events):
Event: 7.379 GC heap before
{Heap before GC invocations=23 (full 0):
 garbage-first heap   total 271360K, used 179450K [0x0000000087a00000, 0x0000000100000000)
  region size 1024K, 159 young (162816K), 12 survivors (12288K)
 Metaspace       used 44423K, capacity 56418K, committed 56784K, reserved 1093632K
  class space    used 9435K, capacity 13228K, committed 13344K, reserved 1048576K
}
Event: 7.396 GC heap after
{Heap after GC invocations=24 (full 0):
 garbage-first heap   total 518144K, used 30305K [0x0000000087a00000, 0x0000000100000000)
  region size 1024K, 12 young (12288K), 12 survivors (12288K)
 Metaspace       used 44423K, capacity 56418K, committed 56784K, reserved 1093632K
  class space    used 9435K, capacity 13228K, committed 13344K, reserved 1048576K
}
Event: 7.782 GC heap before
{Heap before GC invocations=24 (full 0):
 garbage-first heap   total 518144K, used 115297K [0x0000000087a00000, 0x0000000100000000)
  region size 1024K, 96 young (98304K), 12 survivors (12288K)
 Metaspace       used 46872K, capacity 59861K, committed 59984K, reserved 1095680K
  class space    used 10041K, capacity 14185K, committed 14240K, reserved 1048576K
}
Event: 7.810 GC heap after
{Heap after GC invocations=25 (full 0):
 garbage-first heap   total 518144K, used 32353K [0x0000000087a00000, 0x0000000100000000)
  region size 1024K, 14 young (14336K), 14 survivors (14336K)
 Metaspace       used 46872K, capacity 59861K, committed 59984K, reserved 1095680K
  class space    used 10041K, capacity 14185K, committed 14240K, reserved 1048576K
}
Event: 8.816 GC heap before
{Heap before GC invocations=26 (full 0):
 garbage-first heap   total 518144K, used 268897K [0x0000000087a00000, 0x0000000100000000)
  region size 1024K, 245 young (250880K), 14 survivors (14336K)
 Metaspace       used 51911K, capacity 67645K, committed 67920K, reserved 1099776K
  class space    used 11594K, capacity 16750K, committed 16800K, reserved 1048576K
}
Event: 8.837 GC heap after
{Heap after GC invocations=27 (full 0):
 garbage-first heap   total 518144K, used 39009K [0x0000000087a00000, 0x0000000100000000)
  region size 1024K, 21 young (21504K), 21 survivors (21504K)
 Metaspace       used 51911K, capacity 67645K, committed 67920K, reserved 1099776K
  class space    used 11594K, capacity 16750K, committed 16800K, reserved 1048576K
}
Event: 23.919 GC heap before
{Heap before GC invocations=28 (full 0):
 garbage-first heap   total 518144K, used 327777K [0x0000000087a00000, 0x0000000100000000)
  region size 1024K, 303 young (310272K), 21 survivors (21504K)
 Metaspace       used 59861K, capacity 79644K, committed 79696K, reserved 1107968K
  class space    used 13960K, capacity 20371K, committed 20384K, reserved 1048576K
}
Event: 23.940 GC heap after
{Heap after GC invocations=29 (full 0):
 garbage-first heap   total 518144K, used 47795K [0x0000000087a00000, 0x0000000100000000)
  region size 1024K, 29 young (29696K), 29 survivors (29696K)
 Metaspace       used 59861K, capacity 79644K, committed 79696K, reserved 1107968K
  class space    used 13960K, capacity 20371K, committed 20384K, reserved 1048576K
}
Event: 44.112 GC heap before
{Heap before GC invocations=29 (full 0):
 garbage-first heap   total 518144K, used 328371K [0x0000000087a00000, 0x0000000100000000)
  region size 1024K, 303 young (310272K), 29 survivors (29696K)
 Metaspace       used 61362K, capacity 82057K, committed 82128K, reserved 1110016K
  class space    used 14185K, capacity 20732K, committed 20768K, reserved 1048576K
}
Event: 44.141 GC heap after
{Heap after GC invocations=30 (full 0):
 garbage-first heap   total 518144K, used 50919K [0x0000000087a00000, 0x0000000100000000)
  region size 1024K, 23 young (23552K), 23 survivors (23552K)
 Metaspace       used 61362K, capacity 82057K, committed 82128K, reserved 1110016K
  class space    used 14185K, capacity 20732K, committed 20768K, reserved 1048576K
}

