# JRE version: OpenJDK Runtime Environment (11.0.3+4) (build 11.0.3+4)
# Java VM: OpenJDK 64-Bit Server VM (11.0.3+4, mixed mode, tiered, compressed oops, g1 gc, linux-amd64)
Heap:
 garbage-first heap   total 536576K, used 336514K [0x0000000087a00000, 0x0000000100000000)
  region size 1024K, 312 young (319488K), 29 survivors (29696K)
 Metaspace       used 62413K, capacity 83226K, committed 83584K, reserved 1112064K
  class space    used 14271K, capacity 20796K, committed 20864K, reserved 1048576K
GC Heap History (10 events):
Event: 5.886 GC heap before
{Heap before GC invocations=21 (full 0):
 garbage-first heap   total 268288K, used 175023K [0x0000000087a00000, 0x0000000100000000)
  region size 1024K, 157 young (160768K), 13 survivors (13312K)
 Metaspace       used 41869K, capacity 51239K, committed 51456K, reserved 1089536K
  class space    used 8718K, capacity 11743K, committed 11776K, reserved 1048576K
}
Event: 5.901 GC heap after
{Heap after GC invocations=22 (full 0):
 garbage-first heap   total 268288K, used 28900K [0x0000000087a00000, 0x0000000100000000)
  region size 1024K, 12 young (12288K), 12 survivors (12288K)
 Metaspace       used 41869K, capacity 51239K, committed 51456K, reserved 1089536K
  class space    used 8718K, capacity 11743K, committed 11776K, reserved 1048576K
}
Event: 6.134 GC heap before
{Heap before GC invocations=22 (full 0):
 garbage-first heap   total 268288K, used 177380K [0x0000000087a00000, 0x0000000100000000)
  region size 1024K, 157 young (160768K), 12 survivors (12288K)
 Metaspace       used 43028K, capacity 53059K, committed 53248K, reserved 1089536K
  class space    used 9049K, capacity 12231K, committed 12288K, reserved 1048576K
}
Event: 6.153 GC heap after
{Heap after GC invocations=23 (full 0):
 garbage-first heap   total 536576K, used 29314K [0x0000000087a00000, 0x0000000100000000)
  region size 1024K, 11 young (11264K), 11 survivors (11264K)
 Metaspace       used 43028K, capacity 53059K, committed 53248K, reserved 1089536K
  class space    used 9049K, capacity 12231K, committed 12288K, reserved 1048576K
}
Event: 6.768 GC heap before
{Heap before GC invocations=23 (full 0):
 garbage-first heap   total 536576K, used 212610K [0x0000000087a00000, 0x0000000100000000)
  region size 1024K, 191 young (195584K), 11 survivors (11264K)
 Metaspace       used 46938K, capacity 59981K, committed 60160K, reserved 1095680K
  class space    used 10041K, capacity 14185K, committed 14208K, reserved 1048576K
}
Event: 6.786 GC heap after
{Heap after GC invocations=24 (full 0):
 garbage-first heap   total 536576K, used 32386K [0x0000000087a00000, 0x0000000100000000)
  region size 1024K, 14 young (14336K), 14 survivors (14336K)
 Metaspace       used 46938K, capacity 59981K, committed 60160K, reserved 1095680K
  class space    used 10041K, capacity 14185K, committed 14208K, reserved 1048576K
}
Event: 7.915 GC heap before
{Heap before GC invocations=25 (full 0):
 garbage-first heap   total 536576K, used 295554K [0x0000000087a00000, 0x0000000100000000)
  region size 1024K, 271 young (277504K), 14 survivors (14336K)
 Metaspace       used 52657K, capacity 68891K, committed 69120K, reserved 1101824K
  class space    used 11821K, capacity 17112K, committed 17152K, reserved 1048576K
}
Event: 7.936 GC heap after
{Heap after GC invocations=26 (full 0):
 garbage-first heap   total 536576K, used 39554K [0x0000000087a00000, 0x0000000100000000)
  region size 1024K, 21 young (21504K), 21 survivors (21504K)
 Metaspace       used 52657K, capacity 68891K, committed 69120K, reserved 1101824K
  class space    used 11821K, capacity 17112K, committed 17152K, reserved 1048576K
}
Event: 11.621 GC heap before
{Heap before GC invocations=26 (full 0):
 garbage-first heap   total 536576K, used 339586K [0x0000000087a00000, 0x0000000100000000)
  region size 1024K, 314 young (321536K), 21 survivors (21504K)
 Metaspace       used 58649K, capacity 78063K, committed 78208K, reserved 1107968K
  class space    used 13562K, capacity 19795K, committed 19840K, reserved 1048576K
}
Event: 11.641 GC heap after
{Heap after GC invocations=27 (full 0):
 garbage-first heap   total 536576K, used 47746K [0x0000000087a00000, 0x0000000100000000)
  region size 1024K, 29 young (29696K), 29 survivors (29696K)
 Metaspace       used 58649K, capacity 78063K, committed 78208K, reserved 1107968K
  class space    used 13562K, capacity 19795K, committed 19840K, reserved 1048576K
}

