# JRE version: OpenJDK Runtime Environment (11.0.3+4) (build 11.0.3+4)
# Java VM: OpenJDK 64-Bit Server VM (11.0.3+4, mixed mode, tiered, compressed oops, g1 gc, linux-amd64)
Heap:
 garbage-first heap   total 433152K, used 153122K [0x0000000087a00000, 0x0000000100000000)
  region size 1024K, 120 young (122880K), 19 survivors (19456K)
 Metaspace       used 63032K, capacity 84098K, committed 84304K, reserved 1112064K
  class space    used 14396K, capacity 21027K, committed 21120K, reserved 1048576K
GC Heap History (10 events):
Event: 7.835 GC heap before
{Heap before GC invocations=23 (full 0):
 garbage-first heap   total 267264K, used 174669K [0x0000000087a00000, 0x0000000100000000)
  region size 1024K, 156 young (159744K), 12 survivors (12288K)
 Metaspace       used 42409K, capacity 52117K, committed 52432K, reserved 1089536K
  class space    used 8846K, capacity 11921K, committed 12032K, reserved 1048576K
}
Event: 7.850 GC heap after
{Heap after GC invocations=24 (full 0):
 garbage-first heap   total 433152K, used 29260K [0x0000000087a00000, 0x0000000100000000)
  region size 1024K, 12 young (12288K), 12 survivors (12288K)
 Metaspace       used 42409K, capacity 52117K, committed 52432K, reserved 1089536K
  class space    used 8846K, capacity 11921K, committed 12032K, reserved 1048576K
}
Event: 8.637 GC heap before
{Heap before GC invocations=24 (full 0):
 garbage-first heap   total 433152K, used 259660K [0x0000000087a00000, 0x0000000100000000)
  region size 1024K, 238 young (243712K), 12 survivors (12288K)
 Metaspace       used 46917K, capacity 59857K, committed 59984K, reserved 1095680K
  class space    used 10035K, capacity 14185K, committed 14208K, reserved 1048576K
}
Event: 8.662 GC heap after
{Heap after GC invocations=25 (full 0):
 garbage-first heap   total 433152K, used 31820K [0x0000000087a00000, 0x0000000100000000)
  region size 1024K, 14 young (14336K), 14 survivors (14336K)
 Metaspace       used 46917K, capacity 59857K, committed 59984K, reserved 1095680K
  class space    used 10035K, capacity 14185K, committed 14208K, reserved 1048576K
}
Event: 9.677 GC heap before
{Heap before GC invocations=26 (full 0):
 garbage-first heap   total 433152K, used 276556K [0x0000000087a00000, 0x0000000100000000)
  region size 1024K, 253 young (259072K), 14 survivors (14336K)
 Metaspace       used 52135K, capacity 68025K, committed 68304K, reserved 1101824K
  class space    used 11671K, capacity 16842K, committed 16896K, reserved 1048576K
}
Event: 9.700 GC heap after
{Heap after GC invocations=27 (full 0):
 garbage-first heap   total 433152K, used 39500K [0x0000000087a00000, 0x0000000100000000)
  region size 1024K, 22 young (22528K), 22 survivors (22528K)
 Metaspace       used 52135K, capacity 68025K, committed 68304K, reserved 1101824K
  class space    used 11671K, capacity 16842K, committed 16896K, reserved 1048576K
}
Event: 38.800 GC heap before
{Heap before GC invocations=27 (full 0):
 garbage-first heap   total 433152K, used 276044K [0x0000000087a00000, 0x0000000100000000)
  region size 1024K, 253 young (259072K), 22 survivors (22528K)
 Metaspace       used 59059K, capacity 78507K, committed 78544K, reserved 1107968K
  class space    used 13691K, capacity 19949K, committed 19968K, reserved 1048576K
}
Event: 38.828 GC heap after
{Heap after GC invocations=28 (full 0):
 garbage-first heap   total 433152K, used 46965K [0x0000000087a00000, 0x0000000100000000)
  region size 1024K, 24 young (24576K), 24 survivors (24576K)
 Metaspace       used 59059K, capacity 78507K, committed 78544K, reserved 1107968K
  class space    used 13691K, capacity 19949K, committed 19968K, reserved 1048576K
}
Event: 41.137 GC heap before
{Heap before GC invocations=28 (full 0):
 garbage-first heap   total 433152K, used 281461K [0x0000000087a00000, 0x0000000100000000)
  region size 1024K, 253 young (259072K), 24 survivors (24576K)
 Metaspace       used 61289K, capacity 82088K, committed 82128K, reserved 1110016K
  class space    used 14176K, capacity 20726K, committed 20736K, reserved 1048576K
}
Event: 41.169 GC heap after
{Heap after GC invocations=29 (full 0):
 garbage-first heap   total 433152K, used 50722K [0x0000000087a00000, 0x0000000100000000)
  region size 1024K, 19 young (19456K), 19 survivors (19456K)
 Metaspace       used 61289K, capacity 82088K, committed 82128K, reserved 1110016K
  class space    used 14176K, capacity 20726K, committed 20736K, reserved 1048576K
}

