# JRE version: OpenJDK Runtime Environment (11.0.3+4) (build 11.0.3+4)
# Java VM: OpenJDK 64-Bit Server VM (11.0.3+4, mixed mode, tiered, compressed oops, g1 gc, linux-amd64)
Heap:
 garbage-first heap   total 562176K, used 103505K [0x0000000087a00000, 0x0000000100000000)
  region size 1024K, 76 young (77824K), 22 survivors (22528K)
 Metaspace       used 62323K, capacity 82935K, committed 83056K, reserved 1112064K
  class space    used 14265K, capacity 20792K, committed 20900K, reserved 1048576K
GC Heap History (10 events):
Event: 6.315 GC heap before
{Heap before GC invocations=22 (full 0):
 garbage-first heap   total 262144K, used 173032K [0x0000000087a00000, 0x0000000100000000)
  region size 1024K, 153 young (156672K), 11 survivors (11264K)
 Metaspace       used 42752K, capacity 52637K, committed 52808K, reserved 1089536K
  class space    used 8957K, capacity 12105K, committed 12156K, reserved 1048576K
}
Event: 6.328 GC heap after
{Heap after GC invocations=23 (full 0):
 garbage-first heap   total 459776K, used 29111K [0x0000000087a00000, 0x0000000100000000)
  region size 1024K, 11 young (11264K), 11 survivors (11264K)
 Metaspace       used 42752K, capacity 52637K, committed 52808K, reserved 1089536K
  class space    used 8957K, capacity 12105K, committed 12156K, reserved 1048576K
}
Event: 7.238 GC heap before
{Heap before GC invocations=23 (full 0):
 garbage-first heap   total 459776K, used 251319K [0x0000000087a00000, 0x0000000100000000)
  region size 1024K, 229 young (234496K), 11 survivors (11264K)
 Metaspace       used 47062K, capacity 60011K, committed 60068K, reserved 1095680K
  class space    used 10069K, capacity 14239K, committed 14296K, reserved 1048576K
}
Event: 7.255 GC heap after
{Heap after GC invocations=24 (full 0):
 garbage-first heap   total 459776K, used 32183K [0x0000000087a00000, 0x0000000100000000)
  region size 1024K, 14 young (14336K), 14 survivors (14336K)
 Metaspace       used 47062K, capacity 60011K, committed 60068K, reserved 1095680K
  class space    used 10069K, capacity 14239K, committed 14296K, reserved 1048576K
}
Event: 8.439 GC heap before
{Heap before GC invocations=25 (full 0):
 garbage-first heap   total 459776K, used 293303K [0x0000000087a00000, 0x0000000100000000)
  region size 1024K, 269 young (275456K), 14 survivors (14336K)
 Metaspace       used 52665K, capacity 68887K, committed 69104K, reserved 1101824K
  class space    used 11821K, capacity 17112K, committed 17188K, reserved 1048576K
}
Event: 8.469 GC heap after
{Heap after GC invocations=26 (full 0):
 garbage-first heap   total 459776K, used 39351K [0x0000000087a00000, 0x0000000100000000)
  region size 1024K, 21 young (21504K), 21 survivors (21504K)
 Metaspace       used 52665K, capacity 68887K, committed 69104K, reserved 1101824K
  class space    used 11821K, capacity 17112K, committed 17188K, reserved 1048576K
}
Event: 9.844 GC heap before
{Heap before GC invocations=27 (full 0):
 garbage-first heap   total 459776K, used 293303K [0x0000000087a00000, 0x0000000100000000)
  region size 1024K, 269 young (275456K), 21 survivors (21504K)
 Metaspace       used 58026K, capacity 77063K, committed 77296K, reserved 1107968K
  class space    used 13365K, capacity 19479K, committed 19492K, reserved 1048576K
}
Event: 9.868 GC heap after
{Heap after GC invocations=28 (full 0):
 garbage-first heap   total 459776K, used 46190K [0x0000000087a00000, 0x0000000100000000)
  region size 1024K, 25 young (25600K), 25 survivors (25600K)
 Metaspace       used 58026K, capacity 77063K, committed 77296K, reserved 1107968K
  class space    used 13365K, capacity 19479K, committed 19492K, reserved 1048576K
}
Event: 12.693 GC heap before
{Heap before GC invocations=28 (full 0):
 garbage-first heap   total 459776K, used 296046K [0x0000000087a00000, 0x0000000100000000)
  region size 1024K, 269 young (275456K), 25 survivors (25600K)
 Metaspace       used 60686K, capacity 81136K, committed 81264K, reserved 1110016K
  class space    used 14042K, capacity 20520K, committed 20644K, reserved 1048576K
}
Event: 12.726 GC heap after
{Heap after GC invocations=29 (full 0):
 garbage-first heap   total 562176K, used 50257K [0x0000000087a00000, 0x0000000100000000)
  region size 1024K, 22 young (22528K), 22 survivors (22528K)
 Metaspace       used 60686K, capacity 81136K, committed 81264K, reserved 1110016K
  class space    used 14042K, capacity 20520K, committed 20644K, reserved 1048576K
}

