# JRE version: OpenJDK Runtime Environment (11.0.3+4) (build 11.0.3+4)
# Java VM: OpenJDK 64-Bit Server VM (11.0.3+4, mixed mode, tiered, compressed oops, g1 gc, linux-amd64)
Heap:
 garbage-first heap   total 495616K, used 156277K [0x0000000087a00000, 0x0000000100000000)
  region size 1024K, 125 young (128000K), 22 survivors (22528K)
 Metaspace       used 63149K, capacity 84224K, committed 84388K, reserved 1112064K
  class space    used 14433K, capacity 21052K, committed 21156K, reserved 1048576K
GC Heap History (10 events):
Event: 7.167 GC heap before
{Heap before GC invocations=22 (full 0):
 garbage-first heap   total 309248K, used 200090K [0x0000000087a00000, 0x0000000100000000)
  region size 1024K, 181 young (185344K), 13 survivors (13312K)
 Metaspace       used 43513K, capacity 53619K, committed 53960K, reserved 1091584K
  class space    used 9148K, capacity 12367K, committed 12488K, reserved 1048576K
}
Event: 7.192 GC heap after
{Heap after GC invocations=23 (full 0):
 garbage-first heap   total 309248K, used 30272K [0x0000000087a00000, 0x0000000100000000)
  region size 1024K, 14 young (14336K), 14 survivors (14336K)
 Metaspace       used 43513K, capacity 53619K, committed 53960K, reserved 1091584K
  class space    used 9148K, capacity 12367K, committed 12488K, reserved 1048576K
}
Event: 7.848 GC heap before
{Heap before GC invocations=23 (full 0):
 garbage-first heap   total 309248K, used 190016K [0x0000000087a00000, 0x0000000100000000)
  region size 1024K, 171 young (175104K), 14 survivors (14336K)
 Metaspace       used 47052K, capacity 59947K, committed 60068K, reserved 1095680K
  class space    used 10058K, capacity 14195K, committed 14244K, reserved 1048576K
}
Event: 7.876 GC heap after
{Heap after GC invocations=24 (full 0):
 garbage-first heap   total 495616K, used 32447K [0x0000000087a00000, 0x0000000100000000)
  region size 1024K, 14 young (14336K), 14 survivors (14336K)
 Metaspace       used 47052K, capacity 59947K, committed 60068K, reserved 1095680K
  class space    used 10058K, capacity 14195K, committed 14244K, reserved 1048576K
}
Event: 14.934 GC heap before
{Heap before GC invocations=25 (full 0):
 garbage-first heap   total 495616K, used 315071K [0x0000000087a00000, 0x0000000100000000)
  region size 1024K, 290 young (296960K), 14 survivors (14336K)
 Metaspace       used 53585K, capacity 70044K, committed 70308K, reserved 1101824K
  class space    used 11949K, capacity 17256K, committed 17316K, reserved 1048576K
}
Event: 14.954 GC heap after
{Heap after GC invocations=26 (full 0):
 garbage-first heap   total 495616K, used 40127K [0x0000000087a00000, 0x0000000100000000)
  region size 1024K, 22 young (22528K), 22 survivors (22528K)
 Metaspace       used 53585K, capacity 70044K, committed 70308K, reserved 1101824K
  class space    used 11949K, capacity 17256K, committed 17316K, reserved 1048576K
}
Event: 21.934 GC heap before
{Heap before GC invocations=26 (full 0):
 garbage-first heap   total 495616K, used 314559K [0x0000000087a00000, 0x0000000100000000)
  region size 1024K, 290 young (296960K), 22 survivors (22528K)
 Metaspace       used 60369K, capacity 80658K, committed 80804K, reserved 1110016K
  class space    used 14053K, capacity 20545K, committed 20644K, reserved 1048576K
}
Event: 21.966 GC heap after
{Heap after GC invocations=27 (full 0):
 garbage-first heap   total 495616K, used 48528K [0x0000000087a00000, 0x0000000100000000)
  region size 1024K, 27 young (27648K), 27 survivors (27648K)
 Metaspace       used 60369K, capacity 80658K, committed 80804K, reserved 1110016K
  class space    used 14053K, capacity 20545K, committed 20644K, reserved 1048576K
}
Event: 25.073 GC heap before
{Heap before GC invocations=27 (full 0):
 garbage-first heap   total 495616K, used 317840K [0x0000000087a00000, 0x0000000100000000)
  region size 1024K, 290 young (296960K), 27 survivors (27648K)
 Metaspace       used 61385K, capacity 82152K, committed 82212K, reserved 1110016K
  class space    used 14191K, capacity 20756K, committed 20772K, reserved 1048576K
}
Event: 25.099 GC heap after
{Heap after GC invocations=28 (full 0):
 garbage-first heap   total 495616K, used 51829K [0x0000000087a00000, 0x0000000100000000)
  region size 1024K, 22 young (22528K), 22 survivors (22528K)
 Metaspace       used 61385K, capacity 82152K, committed 82212K, reserved 1110016K
  class space    used 14191K, capacity 20756K, committed 20772K, reserved 1048576K
}

