# JRE version: OpenJDK Runtime Environment (11.0.3+4) (build 11.0.3+4)
# Java VM: OpenJDK 64-Bit Server VM (11.0.3+4, mixed mode, tiered, compressed oops, g1 gc, linux-amd64)
Heap:
 garbage-first heap   total 542720K, used 118272K [0x0000000087a00000, 0x0000000100000000)
  region size 1024K, 91 young (93184K), 24 survivors (24576K)
 Metaspace       used 62930K, capacity 83877K, committed 84080K, reserved 1112064K
  class space    used 14409K, capacity 21043K, committed 21156K, reserved 1048576K
GC Heap History (10 events):
Event: 6.486 GC heap before
{Heap before GC invocations=23 (full 0):
 garbage-first heap   total 413696K, used 257836K [0x0000000087a00000, 0x0000000100000000)
  region size 1024K, 236 young (241664K), 12 survivors (12288K)
 Metaspace       used 44132K, capacity 55573K, committed 55752K, reserved 1091584K
  class space    used 9368K, capacity 12971K, committed 13052K, reserved 1048576K
}
Event: 6.501 GC heap after
{Heap after GC invocations=24 (full 0):
 garbage-first heap   total 413696K, used 31020K [0x0000000087a00000, 0x0000000100000000)
  region size 1024K, 15 young (15360K), 15 survivors (15360K)
 Metaspace       used 44132K, capacity 55573K, committed 55752K, reserved 1091584K
  class space    used 9368K, capacity 12971K, committed 13052K, reserved 1048576K
}
Event: 6.884 GC heap before
{Heap before GC invocations=24 (full 0):
 garbage-first heap   total 413696K, used 139564K [0x0000000087a00000, 0x0000000100000000)
  region size 1024K, 122 young (124928K), 15 survivors (15360K)
 Metaspace       used 47016K, capacity 60006K, committed 60068K, reserved 1095680K
  class space    used 10066K, capacity 14237K, committed 14296K, reserved 1048576K
}
Event: 6.903 GC heap after
{Heap after GC invocations=25 (full 0):
 garbage-first heap   total 413696K, used 32044K [0x0000000087a00000, 0x0000000100000000)
  region size 1024K, 16 young (16384K), 16 survivors (16384K)
 Metaspace       used 47016K, capacity 60006K, committed 60068K, reserved 1095680K
  class space    used 10066K, capacity 14237K, committed 14296K, reserved 1048576K
}
Event: 7.792 GC heap before
{Heap before GC invocations=26 (full 0):
 garbage-first heap   total 413696K, used 263468K [0x0000000087a00000, 0x0000000100000000)
  region size 1024K, 242 young (247808K), 16 survivors (16384K)
 Metaspace       used 51899K, capacity 67650K, committed 67952K, reserved 1099776K
  class space    used 11595K, capacity 16754K, committed 16804K, reserved 1048576K
}
Event: 7.815 GC heap after
{Heap after GC invocations=27 (full 0):
 garbage-first heap   total 413696K, used 39212K [0x0000000087a00000, 0x0000000100000000)
  region size 1024K, 23 young (23552K), 23 survivors (23552K)
 Metaspace       used 51899K, capacity 67650K, committed 67952K, reserved 1099776K
  class space    used 11595K, capacity 16754K, committed 16804K, reserved 1048576K
}
Event: 23.151 GC heap before
{Heap before GC invocations=28 (full 0):
 garbage-first heap   total 413696K, used 263468K [0x0000000087a00000, 0x0000000100000000)
  region size 1024K, 242 young (247808K), 23 survivors (23552K)
 Metaspace       used 58302K, capacity 77499K, committed 77808K, reserved 1107968K
  class space    used 13499K, capacity 19689K, committed 19748K, reserved 1048576K
}
Event: 23.180 GC heap after
{Heap after GC invocations=29 (full 0):
 garbage-first heap   total 542720K, used 47012K [0x0000000087a00000, 0x0000000100000000)
  region size 1024K, 23 young (23552K), 23 survivors (23552K)
 Metaspace       used 58302K, capacity 77499K, committed 77808K, reserved 1107968K
  class space    used 13499K, capacity 19689K, committed 19748K, reserved 1048576K
}
Event: 34.429 GC heap before
{Heap before GC invocations=29 (full 0):
 garbage-first heap   total 542720K, used 349092K [0x0000000087a00000, 0x0000000100000000)
  region size 1024K, 318 young (325632K), 23 survivors (23552K)
 Metaspace       used 61257K, capacity 81966K, committed 82160K, reserved 1110016K
  class space    used 14185K, capacity 20738K, committed 20772K, reserved 1048576K
}
Event: 34.461 GC heap after
{Heap after GC invocations=30 (full 0):
 garbage-first heap   total 542720K, used 50688K [0x0000000087a00000, 0x0000000100000000)
  region size 1024K, 24 young (24576K), 24 survivors (24576K)
 Metaspace       used 61257K, capacity 81966K, committed 82160K, reserved 1110016K
  class space    used 14185K, capacity 20738K, committed 20772K, reserved 1048576K
}

