# JRE version: OpenJDK Runtime Environment (11.0.3+4) (build 11.0.3+4)
# Java VM: OpenJDK 64-Bit Server VM (11.0.3+4, mixed mode, tiered, compressed oops, g1 gc, linux-amd64)
Heap:
 garbage-first heap   total 434176K, used 162583K [0x0000000087a00000, 0x0000000100000000)
  region size 1024K, 129 young (132096K), 19 survivors (19456K)
 Metaspace       used 62961K, capacity 84026K, committed 84304K, reserved 1112064K
  class space    used 14399K, capacity 21027K, committed 21152K, reserved 1048576K
GC Heap History (10 events):
Event: 7.212 GC heap before
{Heap before GC invocations=23 (full 0):
 garbage-first heap   total 305152K, used 197271K [0x0000000087a00000, 0x0000000100000000)
  region size 1024K, 178 young (182272K), 14 survivors (14336K)
 Metaspace       used 44303K, capacity 56052K, committed 56144K, reserved 1091584K
  class space    used 9404K, capacity 13131K, committed 13216K, reserved 1048576K
}
Event: 7.228 GC heap after
{Heap after GC invocations=24 (full 0):
 garbage-first heap   total 305152K, used 30764K [0x0000000087a00000, 0x0000000100000000)
  region size 1024K, 13 young (13312K), 13 survivors (13312K)
 Metaspace       used 44303K, capacity 56052K, committed 56144K, reserved 1091584K
  class space    used 9404K, capacity 13131K, committed 13216K, reserved 1048576K
}
Event: 7.644 GC heap before
{Heap before GC invocations=24 (full 0):
 garbage-first heap   total 305152K, used 124972K [0x0000000087a00000, 0x0000000100000000)
  region size 1024K, 106 young (108544K), 13 survivors (13312K)
 Metaspace       used 46941K, capacity 59921K, committed 59984K, reserved 1095680K
  class space    used 10041K, capacity 14185K, committed 14240K, reserved 1048576K
}
Event: 7.663 GC heap after
{Heap after GC invocations=25 (full 0):
 garbage-first heap   total 434176K, used 32860K [0x0000000087a00000, 0x0000000100000000)
  region size 1024K, 14 young (14336K), 14 survivors (14336K)
 Metaspace       used 46941K, capacity 59921K, committed 59984K, reserved 1095680K
  class space    used 10041K, capacity 14185K, committed 14240K, reserved 1048576K
}
Event: 8.710 GC heap before
{Heap before GC invocations=26 (full 0):
 garbage-first heap   total 434176K, used 276572K [0x0000000087a00000, 0x0000000100000000)
  region size 1024K, 252 young (258048K), 14 survivors (14336K)
 Metaspace       used 52118K, capacity 68137K, committed 68304K, reserved 1101824K
  class space    used 11665K, capacity 16854K, committed 16928K, reserved 1048576K
}
Event: 8.729 GC heap after
{Heap after GC invocations=27 (full 0):
 garbage-first heap   total 434176K, used 40028K [0x0000000087a00000, 0x0000000100000000)
  region size 1024K, 21 young (21504K), 21 survivors (21504K)
 Metaspace       used 52118K, capacity 68137K, committed 68304K, reserved 1101824K
  class space    used 11665K, capacity 16854K, committed 16928K, reserved 1048576K
}
Event: 100.134 GC heap before
{Heap before GC invocations=27 (full 0):
 garbage-first heap   total 434176K, used 278620K [0x0000000087a00000, 0x0000000100000000)
  region size 1024K, 254 young (260096K), 21 survivors (21504K)
 Metaspace       used 58751K, capacity 78024K, committed 78160K, reserved 1107968K
  class space    used 13595K, capacity 19803K, committed 19872K, reserved 1048576K
}
Event: 100.157 GC heap after
{Heap after GC invocations=28 (full 0):
 garbage-first heap   total 434176K, used 47835K [0x0000000087a00000, 0x0000000100000000)
  region size 1024K, 24 young (24576K), 24 survivors (24576K)
 Metaspace       used 58751K, capacity 78024K, committed 78160K, reserved 1107968K
  class space    used 13595K, capacity 19803K, committed 19872K, reserved 1048576K
}
Event: 102.655 GC heap before
{Heap before GC invocations=28 (full 0):
 garbage-first heap   total 434176K, used 283355K [0x0000000087a00000, 0x0000000100000000)
  region size 1024K, 254 young (260096K), 24 survivors (24576K)
 Metaspace       used 61208K, capacity 82004K, committed 82128K, reserved 1110016K
  class space    used 14177K, capacity 20723K, committed 20768K, reserved 1048576K
}
Event: 102.686 GC heap after
{Heap after GC invocations=29 (full 0):
 garbage-first heap   total 434176K, used 50967K [0x0000000087a00000, 0x0000000100000000)
  region size 1024K, 19 young (19456K), 19 survivors (19456K)
 Metaspace       used 61208K, capacity 82004K, committed 82128K, reserved 1110016K
  class space    used 14177K, capacity 20723K, committed 20768K, reserved 1048576K
}

