# JRE version: OpenJDK Runtime Environment (11.0.3+4) (build 11.0.3+4)
# Java VM: OpenJDK 64-Bit Server VM (11.0.3+4, mixed mode, tiered, compressed oops, g1 gc, linux-amd64)
Heap:
 garbage-first heap   total 491520K, used 85554K [0x0000000087a00000, 0x0000000100000000)
  region size 1024K, 54 young (55296K), 19 survivors (19456K)
 Metaspace       used 63024K, capacity 84059K, committed 84336K, reserved 1112064K
  class space    used 14402K, capacity 21029K, committed 21156K, reserved 1048576K
GC Heap History (10 events):
Event: 6.342 GC heap before
{Heap before GC invocations=22 (full 0):
 garbage-first heap   total 282624K, used 185737K [0x0000000087a00000, 0x0000000100000000)
  region size 1024K, 165 young (168960K), 11 survivors (11264K)
 Metaspace       used 42962K, capacity 52933K, committed 53192K, reserved 1089536K
  class space    used 9028K, capacity 12201K, committed 12284K, reserved 1048576K
}
Event: 6.357 GC heap after
{Heap after GC invocations=23 (full 0):
 garbage-first heap   total 491520K, used 29058K [0x0000000087a00000, 0x0000000100000000)
  region size 1024K, 12 young (12288K), 12 survivors (12288K)
 Metaspace       used 42962K, capacity 52933K, committed 53192K, reserved 1089536K
  class space    used 9028K, capacity 12201K, committed 12284K, reserved 1048576K
}
Event: 7.067 GC heap before
{Heap before GC invocations=23 (full 0):
 garbage-first heap   total 491520K, used 223618K [0x0000000087a00000, 0x0000000100000000)
  region size 1024K, 203 young (207872K), 12 survivors (12288K)
 Metaspace       used 46945K, capacity 59861K, committed 60068K, reserved 1095680K
  class space    used 10040K, capacity 14185K, committed 14296K, reserved 1048576K
}
Event: 7.102 GC heap after
{Heap after GC invocations=24 (full 0):
 garbage-first heap   total 491520K, used 32649K [0x0000000087a00000, 0x0000000100000000)
  region size 1024K, 15 young (15360K), 15 survivors (15360K)
 Metaspace       used 46945K, capacity 59861K, committed 60068K, reserved 1095680K
  class space    used 10040K, capacity 14185K, committed 14296K, reserved 1048576K
}
Event: 15.986 GC heap before
{Heap before GC invocations=25 (full 0):
 garbage-first heap   total 491520K, used 300937K [0x0000000087a00000, 0x0000000100000000)
  region size 1024K, 277 young (283648K), 15 survivors (15360K)
 Metaspace       used 53091K, capacity 69308K, committed 69616K, reserved 1101824K
  class space    used 11873K, capacity 17155K, committed 17188K, reserved 1048576K
}
Event: 16.003 GC heap after
{Heap after GC invocations=26 (full 0):
 garbage-first heap   total 491520K, used 39305K [0x0000000087a00000, 0x0000000100000000)
  region size 1024K, 22 young (22528K), 22 survivors (22528K)
 Metaspace       used 53091K, capacity 69308K, committed 69616K, reserved 1101824K
  class space    used 11873K, capacity 17155K, committed 17188K, reserved 1048576K
}
Event: 31.455 GC heap before
{Heap before GC invocations=26 (full 0):
 garbage-first heap   total 491520K, used 311689K [0x0000000087a00000, 0x0000000100000000)
  region size 1024K, 288 young (294912K), 22 survivors (22528K)
 Metaspace       used 59975K, capacity 80108K, committed 80368K, reserved 1110016K
  class space    used 14009K, capacity 20503K, committed 20516K, reserved 1048576K
}
Event: 31.483 GC heap after
{Heap after GC invocations=27 (full 0):
 garbage-first heap   total 491520K, used 48393K [0x0000000087a00000, 0x0000000100000000)
  region size 1024K, 27 young (27648K), 27 survivors (27648K)
 Metaspace       used 59975K, capacity 80108K, committed 80368K, reserved 1110016K
  class space    used 14009K, capacity 20503K, committed 20516K, reserved 1048576K
}
Event: 45.838 GC heap before
{Heap before GC invocations=27 (full 0):
 garbage-first heap   total 491520K, used 315657K [0x0000000087a00000, 0x0000000100000000)
  region size 1024K, 288 young (294912K), 27 survivors (27648K)
 Metaspace       used 61397K, capacity 82253K, committed 82416K, reserved 1112064K
  class space    used 14184K, capacity 20732K, committed 20772K, reserved 1048576K
}
Event: 45.895 GC heap after
{Heap after GC invocations=28 (full 0):
 garbage-first heap   total 491520K, used 50738K [0x0000000087a00000, 0x0000000100000000)
  region size 1024K, 19 young (19456K), 19 survivors (19456K)
 Metaspace       used 61397K, capacity 82253K, committed 82416K, reserved 1112064K
  class space    used 14184K, capacity 20732K, committed 20772K, reserved 1048576K
}

