# JRE version: OpenJDK Runtime Environment (11.0.3+4) (build 11.0.3+4)
# Java VM: OpenJDK 64-Bit Server VM (11.0.3+4, mixed mode, tiered, compressed oops, g1 gc, linux-amd64)
Heap:
 garbage-first heap   total 498688K, used 52985K [0x0000000087a00000, 0x0000000100000000)
  region size 1024K, 26 young (26624K), 22 survivors (22528K)
 Metaspace       used 62330K, capacity 82934K, committed 83072K, reserved 1112064K
  class space    used 14260K, capacity 20792K, committed 20864K, reserved 1048576K
GC Heap History (10 events):
Event: 6.663 GC heap before
{Heap before GC invocations=22 (full 0):
 garbage-first heap   total 334848K, used 215590K [0x0000000087a00000, 0x0000000100000000)
  region size 1024K, 196 young (200704K), 13 survivors (13312K)
 Metaspace       used 43922K, capacity 54905K, committed 55040K, reserved 1091584K
  class space    used 9319K, capacity 12772K, committed 12800K, reserved 1048576K
}
Event: 6.678 GC heap after
{Heap after GC invocations=23 (full 0):
 garbage-first heap   total 334848K, used 30758K [0x0000000087a00000, 0x0000000100000000)
  region size 1024K, 16 young (16384K), 16 survivors (16384K)
 Metaspace       used 43922K, capacity 54905K, committed 55040K, reserved 1091584K
  class space    used 9319K, capacity 12772K, committed 12800K, reserved 1048576K
}
Event: 7.160 GC heap before
{Heap before GC invocations=23 (full 0):
 garbage-first heap   total 334848K, used 156710K [0x0000000087a00000, 0x0000000100000000)
  region size 1024K, 140 young (143360K), 16 survivors (16384K)
 Metaspace       used 47021K, capacity 60023K, committed 60160K, reserved 1095680K
  class space    used 10068K, capacity 14243K, committed 14336K, reserved 1048576K
}
Event: 7.182 GC heap after
{Heap after GC invocations=24 (full 0):
 garbage-first heap   total 498688K, used 32894K [0x0000000087a00000, 0x0000000100000000)
  region size 1024K, 15 young (15360K), 15 survivors (15360K)
 Metaspace       used 47021K, capacity 60023K, committed 60160K, reserved 1095680K
  class space    used 10068K, capacity 14243K, committed 14336K, reserved 1048576K
}
Event: 8.647 GC heap before
{Heap before GC invocations=25 (full 0):
 garbage-first heap   total 498688K, used 316542K [0x0000000087a00000, 0x0000000100000000)
  region size 1024K, 292 young (299008K), 15 survivors (15360K)
 Metaspace       used 53650K, capacity 70264K, committed 70528K, reserved 1101824K
  class space    used 12036K, capacity 17443K, committed 17536K, reserved 1048576K
}
Event: 8.687 GC heap after
{Heap after GC invocations=26 (full 0):
 garbage-first heap   total 498688K, used 40574K [0x0000000087a00000, 0x0000000100000000)
  region size 1024K, 22 young (22528K), 22 survivors (22528K)
 Metaspace       used 53650K, capacity 70264K, committed 70528K, reserved 1101824K
  class space    used 12036K, capacity 17443K, committed 17536K, reserved 1048576K
}
Event: 9.871 GC heap before
{Heap before GC invocations=26 (full 0):
 garbage-first heap   total 498688K, used 317054K [0x0000000087a00000, 0x0000000100000000)
  region size 1024K, 292 young (299008K), 22 survivors (22528K)
 Metaspace       used 58638K, capacity 77949K, committed 78208K, reserved 1107968K
  class space    used 13559K, capacity 19797K, committed 19840K, reserved 1048576K
}
Event: 9.891 GC heap after
{Heap after GC invocations=27 (full 0):
 garbage-first heap   total 498688K, used 47423K [0x0000000087a00000, 0x0000000100000000)
  region size 1024K, 26 young (26624K), 26 survivors (26624K)
 Metaspace       used 58638K, capacity 77949K, committed 78208K, reserved 1107968K
  class space    used 13559K, capacity 19797K, committed 19840K, reserved 1048576K
}
Event: 62.065 GC heap before
{Heap before GC invocations=27 (full 0):
 garbage-first heap   total 498688K, used 319807K [0x0000000087a00000, 0x0000000100000000)
  region size 1024K, 292 young (299008K), 26 survivors (26624K)
 Metaspace       used 61168K, capacity 81686K, committed 81792K, reserved 1110016K
  class space    used 14098K, capacity 20604K, committed 20608K, reserved 1048576K
}
Event: 62.090 GC heap after
{Heap after GC invocations=28 (full 0):
 garbage-first heap   total 498688K, used 49913K [0x0000000087a00000, 0x0000000100000000)
  region size 1024K, 22 young (22528K), 22 survivors (22528K)
 Metaspace       used 61168K, capacity 81686K, committed 81792K, reserved 1110016K
  class space    used 14098K, capacity 20604K, committed 20608K, reserved 1048576K
}

